c:\users\micky\documents\visual studio 2015\projects\gedamial\gedamiallibrary\gedamial\debug\gedamial.pdb
c:\users\micky\documents\visual studio 2015\projects\gedamial\gedamiallibrary\gedamial\debug\gedamial.idb
c:\users\micky\documents\visual studio 2015\projects\gedamial\gedamiallibrary\gedamial\debug\garray.obj
c:\users\micky\documents\visual studio 2015\projects\gedamial\gedamiallibrary\gedamial\debug\glist.obj
c:\users\micky\documents\visual studio 2015\projects\gedamial\gedamiallibrary\gedamial\debug\gmap.obj
c:\users\micky\documents\visual studio 2015\projects\gedamial\gedamiallibrary\gedamial\debug\gmatrix.obj
c:\users\micky\documents\visual studio 2015\projects\gedamial\gedamiallibrary\gedamial\debug\gstack.obj
c:\users\micky\documents\visual studio 2015\projects\gedamial\gedamiallibrary\gedamial\debug\gstring.obj
c:\users\micky\documents\visual studio 2015\projects\gedamial\gedamiallibrary\gedamial\debug\gtree.obj
c:\users\micky\documents\visual studio 2015\projects\gedamial\gedamiallibrary\gedamial\debug\gedamial.obj
c:\users\micky\documents\visual studio 2015\projects\gedamial\gedamiallibrary\gedamial\debug\gvector3.obj
c:\users\micky\documents\visual studio 2015\projects\gedamial\gedamiallibrary\gedamial\debug\gfraction.obj
c:\users\micky\documents\visual studio 2015\projects\gedamial\gedamiallibrary\gedamial\debug\point.obj
c:\users\micky\documents\visual studio 2015\projects\gedamial\gedamiallibrary\gedamial\debug\segment.obj
c:\users\micky\documents\visual studio 2015\projects\gedamial\gedamiallibrary\debug\gedamial.lib
c:\users\micky\documents\visual studio 2015\projects\gedamial\gedamiallibrary\debug\gedamial.pdb
c:\users\micky\documents\visual studio 2015\projects\gedamial\gedamiallibrary\gedamial\debug\gedamial.tlog\cl.command.1.tlog
c:\users\micky\documents\visual studio 2015\projects\gedamial\gedamiallibrary\gedamial\debug\gedamial.tlog\cl.read.1.tlog
c:\users\micky\documents\visual studio 2015\projects\gedamial\gedamiallibrary\gedamial\debug\gedamial.tlog\cl.write.1.tlog
c:\users\micky\documents\visual studio 2015\projects\gedamial\gedamiallibrary\gedamial\debug\gedamial.tlog\lib-link.read.1.tlog
c:\users\micky\documents\visual studio 2015\projects\gedamial\gedamiallibrary\gedamial\debug\gedamial.tlog\lib-link.write.1.tlog
c:\users\micky\documents\visual studio 2015\projects\gedamial\gedamiallibrary\gedamial\debug\gedamial.tlog\lib.command.1.tlog
